                            :::::::::::::::::::::::::::::::::::::::::::::::::::::
                            ::                                                 ::
                            ::  Covered -- Verilog Coverage Summarized Report  ::
                            ::                                                 ::
                            :::::::::::::::::::::::::::::::::::::::::::::::::::::


~~~~~~~~~~~~~~~~~~~~~~~~~~~~~~~~~~~~~~~~~~~~~~~~~~~~~~~~~~~~~~~~~~~~~~~~~~~~~~~~~~~~~~~~~~~~~~~~~~~~~~~~~~~~~~~~~~~~~
~~~~~~~~~~~~~~~~~~~~~~~~~~~~~~~~~~~~~~~~~~   GENERAL INFORMATION   ~~~~~~~~~~~~~~~~~~~~~~~~~~~~~~~~~~~~~~~~~~~~~~~~~~
~~~~~~~~~~~~~~~~~~~~~~~~~~~~~~~~~~~~~~~~~~~~~~~~~~~~~~~~~~~~~~~~~~~~~~~~~~~~~~~~~~~~~~~~~~~~~~~~~~~~~~~~~~~~~~~~~~~~~
* Report generated from CDD file : /home/aqua/Desktop/Project_Dsim/darkrisc_tropical_cr/cov.cdd

* Reported by                    : Module

~~~~~~~~~~~~~~~~~~~~~~~~~~~~~~~~~~~~~~~~~~~~~~~~~~~~~~~~~~~~~~~~~~~~~~~~~~~~~~~~~~~~~~~~~~~~~~~~~~~~~~~~~~~~~~~~~~~~~
~~~~~~~~~~~~~~~~~~~~~~~~~~~~~~~~~~~~~~~~~   LINE COVERAGE RESULTS   ~~~~~~~~~~~~~~~~~~~~~~~~~~~~~~~~~~~~~~~~~~~~~~~~~
~~~~~~~~~~~~~~~~~~~~~~~~~~~~~~~~~~~~~~~~~~~~~~~~~~~~~~~~~~~~~~~~~~~~~~~~~~~~~~~~~~~~~~~~~~~~~~~~~~~~~~~~~~~~~~~~~~~~~
Module/Task/Function      Filename                 Hit/ Miss/Total    Percent hit
---------------------------------------------------------------------------------------------------------------------
  $root                   NA                         0/    0/    0      100%
  top                     top_hdl.sv                 1/    0/    1      100%
  darksocv                darksocv.v                45/   20/   65       69%
  darkriscv               darkriscv.v               69/    0/   69      100%
---------------------------------------------------------------------------------------------------------------------
  Accumulated                                      115/   20/  135       85%


~~~~~~~~~~~~~~~~~~~~~~~~~~~~~~~~~~~~~~~~~~~~~~~~~~~~~~~~~~~~~~~~~~~~~~~~~~~~~~~~~~~~~~~~~~~~~~~~~~~~~~~~~~~~~~~~~~~~~
~~~~~~~~~~~~~~~~~~~~~~~~~~~~~~~~~~~~~~~~   TOGGLE COVERAGE RESULTS   ~~~~~~~~~~~~~~~~~~~~~~~~~~~~~~~~~~~~~~~~~~~~~~~~
~~~~~~~~~~~~~~~~~~~~~~~~~~~~~~~~~~~~~~~~~~~~~~~~~~~~~~~~~~~~~~~~~~~~~~~~~~~~~~~~~~~~~~~~~~~~~~~~~~~~~~~~~~~~~~~~~~~~~
                                                           Toggle 0 -> 1                       Toggle 1 -> 0
Module/Task/Function      Filename                 Hit/ Miss/Total    Percent hit      Hit/ Miss/Total    Percent hit
---------------------------------------------------------------------------------------------------------------------
  $root                   NA                         0/    0/    0      100%             0/    0/    0      100%
  top                     top_hdl.sv                 0/    1/    1        0%             1/    0/    1      100%
  darksocv                darksocv.v                 6/  720/  726        1%             9/  717/  726        1%
  darkriscv               darkriscv.v               19/  919/  938        2%            20/  918/  938        2%
---------------------------------------------------------------------------------------------------------------------
  Accumulated                                       25/ 1640/ 1665        2%            30/ 1635/ 1665        2%


